using device: cuda:1
using device: cuda:5
using device: cuda:6
using device: cuda:4
using device: cuda:0
using device: cuda:2
using device: cuda:3
using device: cuda:7
Training DataLoader: total number of tokens: 10255324043 across 103 files
Validation DataLoader: total number of tokens: 100000000 across 1 files
step:0/500 val_loss:16.0036 train_time:242ms step_avg:nanms
step:1/500 train_loss:16.0047 train_time:51440ms step_avg:nanms
step:2/500 train_loss:9.3582 train_time:52026ms step_avg:nanms
step:3/500 train_loss:8.9247 train_time:52408ms step_avg:nanms
step:4/500 train_loss:8.7721 train_time:52792ms step_avg:nanms
step:5/500 train_loss:8.2363 train_time:53179ms step_avg:nanms
step:6/500 train_loss:7.8834 train_time:53562ms step_avg:nanms
step:7/500 train_loss:7.4711 train_time:53945ms step_avg:nanms
step:8/500 train_loss:7.5566 train_time:54331ms step_avg:nanms
step:9/500 train_loss:7.3134 train_time:54715ms step_avg:nanms
step:10/500 train_loss:7.1109 train_time:55100ms step_avg:nanms
step:11/500 train_loss:7.0979 train_time:371ms step_avg:nanms
step:12/500 train_loss:7.0314 train_time:755ms step_avg:nanms
step:13/500 train_loss:6.8549 train_time:1142ms step_avg:380.54ms
step:14/500 train_loss:6.8606 train_time:1528ms step_avg:381.95ms
step:15/500 train_loss:6.8223 train_time:1913ms step_avg:382.52ms
step:16/500 train_loss:6.7560 train_time:2297ms step_avg:382.82ms
step:17/500 train_loss:6.7704 train_time:2682ms step_avg:383.18ms
step:18/500 train_loss:6.7713 train_time:3068ms step_avg:383.54ms
step:19/500 train_loss:6.5984 train_time:3452ms step_avg:383.55ms
step:20/500 train_loss:6.6007 train_time:3838ms step_avg:383.76ms
step:21/500 train_loss:6.2667 train_time:4221ms step_avg:383.73ms
step:22/500 train_loss:6.6648 train_time:4608ms step_avg:383.98ms
step:23/500 train_loss:6.8954 train_time:4992ms step_avg:384.00ms
step:24/500 train_loss:6.5300 train_time:5378ms step_avg:384.11ms
step:25/500 train_loss:6.6448 train_time:5763ms step_avg:384.23ms
step:26/500 train_loss:6.3713 train_time:6148ms step_avg:384.28ms
step:27/500 train_loss:6.2852 train_time:6534ms step_avg:384.36ms
step:28/500 train_loss:6.4523 train_time:6920ms step_avg:384.44ms
step:29/500 train_loss:6.1092 train_time:7305ms step_avg:384.50ms
step:30/500 train_loss:6.3895 train_time:7689ms step_avg:384.47ms
step:31/500 train_loss:6.2363 train_time:8075ms step_avg:384.52ms
step:32/500 train_loss:6.1984 train_time:8461ms step_avg:384.58ms
step:33/500 train_loss:6.0120 train_time:8847ms step_avg:384.64ms
step:34/500 train_loss:6.3609 train_time:9233ms step_avg:384.73ms
step:35/500 train_loss:6.2639 train_time:9621ms step_avg:384.83ms
step:36/500 train_loss:6.4261 train_time:10007ms step_avg:384.88ms
step:37/500 train_loss:6.3347 train_time:10392ms step_avg:384.88ms
step:38/500 train_loss:6.2253 train_time:10778ms step_avg:384.92ms
step:39/500 train_loss:6.1206 train_time:11163ms step_avg:384.94ms
step:40/500 train_loss:6.1770 train_time:11550ms step_avg:384.99ms
step:41/500 train_loss:6.0736 train_time:11935ms step_avg:385.00ms
step:42/500 train_loss:6.1130 train_time:12321ms step_avg:385.03ms
step:43/500 train_loss:5.9844 train_time:12708ms step_avg:385.08ms
step:44/500 train_loss:6.0722 train_time:13095ms step_avg:385.15ms
step:45/500 train_loss:6.0594 train_time:13481ms step_avg:385.17ms
step:46/500 train_loss:6.2412 train_time:13868ms step_avg:385.21ms
step:47/500 train_loss:6.0438 train_time:14255ms step_avg:385.26ms
step:48/500 train_loss:5.8844 train_time:14639ms step_avg:385.24ms
step:49/500 train_loss:6.1315 train_time:15026ms step_avg:385.29ms
step:50/500 train_loss:6.0006 train_time:15413ms step_avg:385.32ms
step:51/500 train_loss:6.1613 train_time:15799ms step_avg:385.34ms
step:52/500 train_loss:6.0163 train_time:16186ms step_avg:385.38ms
step:53/500 train_loss:5.8632 train_time:16571ms step_avg:385.37ms
step:54/500 train_loss:5.9959 train_time:16957ms step_avg:385.39ms
step:55/500 train_loss:5.9122 train_time:17345ms step_avg:385.44ms
step:56/500 train_loss:6.2214 train_time:17731ms step_avg:385.46ms
step:57/500 train_loss:5.9034 train_time:18118ms step_avg:385.50ms
step:58/500 train_loss:5.7867 train_time:18505ms step_avg:385.52ms
step:59/500 train_loss:5.9444 train_time:18891ms step_avg:385.54ms
step:60/500 train_loss:5.8807 train_time:19278ms step_avg:385.56ms
step:61/500 train_loss:5.9819 train_time:19664ms step_avg:385.58ms
step:62/500 train_loss:5.7683 train_time:20051ms step_avg:385.60ms
step:63/500 train_loss:5.8758 train_time:20438ms step_avg:385.63ms
step:64/500 train_loss:5.8438 train_time:20825ms step_avg:385.65ms
step:65/500 train_loss:5.7939 train_time:21210ms step_avg:385.64ms
step:66/500 train_loss:5.6749 train_time:21598ms step_avg:385.67ms
step:67/500 train_loss:5.8472 train_time:21984ms step_avg:385.69ms
step:68/500 train_loss:5.7017 train_time:22370ms step_avg:385.69ms
step:69/500 train_loss:5.9507 train_time:22756ms step_avg:385.69ms
step:70/500 train_loss:5.6203 train_time:23144ms step_avg:385.73ms
step:71/500 train_loss:5.6444 train_time:23531ms step_avg:385.75ms
step:72/500 train_loss:5.8486 train_time:23916ms step_avg:385.74ms
step:73/500 train_loss:5.7879 train_time:24303ms step_avg:385.76ms
step:74/500 train_loss:5.6770 train_time:24689ms step_avg:385.77ms
step:75/500 train_loss:5.7929 train_time:25076ms step_avg:385.79ms
step:76/500 train_loss:5.7522 train_time:25463ms step_avg:385.80ms
step:77/500 train_loss:5.7220 train_time:25849ms step_avg:385.81ms
step:78/500 train_loss:5.8047 train_time:26236ms step_avg:385.83ms
step:79/500 train_loss:5.8227 train_time:26623ms step_avg:385.85ms
step:80/500 train_loss:5.6989 train_time:27010ms step_avg:385.86ms
step:81/500 train_loss:5.7855 train_time:27398ms step_avg:385.89ms
step:82/500 train_loss:5.5373 train_time:27786ms step_avg:385.91ms
step:83/500 train_loss:5.7118 train_time:28171ms step_avg:385.91ms
step:84/500 train_loss:5.6790 train_time:28557ms step_avg:385.90ms
step:85/500 train_loss:5.6496 train_time:28944ms step_avg:385.92ms
step:86/500 train_loss:5.5096 train_time:29331ms step_avg:385.94ms
step:87/500 train_loss:5.7170 train_time:29719ms step_avg:385.96ms
step:88/500 train_loss:5.6208 train_time:30106ms step_avg:385.98ms
step:89/500 train_loss:5.6857 train_time:30492ms step_avg:385.97ms
step:90/500 train_loss:5.6668 train_time:30879ms step_avg:385.99ms
step:91/500 train_loss:5.5785 train_time:31267ms step_avg:386.02ms
step:92/500 train_loss:5.5815 train_time:31653ms step_avg:386.02ms
step:93/500 train_loss:5.6707 train_time:32041ms step_avg:386.03ms
step:94/500 train_loss:5.5292 train_time:32428ms step_avg:386.05ms
step:95/500 train_loss:5.5111 train_time:32815ms step_avg:386.05ms
step:96/500 train_loss:5.5391 train_time:33200ms step_avg:386.05ms
step:97/500 train_loss:5.4532 train_time:33589ms step_avg:386.08ms
step:98/500 train_loss:5.5250 train_time:33975ms step_avg:386.07ms
step:99/500 train_loss:5.4515 train_time:34363ms step_avg:386.10ms
step:100/500 train_loss:5.5807 train_time:34749ms step_avg:386.10ms
step:101/500 train_loss:5.5351 train_time:35137ms step_avg:386.12ms
step:102/500 train_loss:5.4406 train_time:35525ms step_avg:386.14ms
step:103/500 train_loss:5.5418 train_time:35912ms step_avg:386.15ms
step:104/500 train_loss:5.5088 train_time:36297ms step_avg:386.14ms
step:105/500 train_loss:5.3356 train_time:36685ms step_avg:386.15ms
step:106/500 train_loss:5.4427 train_time:37074ms step_avg:386.18ms
step:107/500 train_loss:5.6524 train_time:37460ms step_avg:386.18ms
step:108/500 train_loss:5.4330 train_time:37846ms step_avg:386.18ms
step:109/500 train_loss:5.1895 train_time:38234ms step_avg:386.20ms
step:110/500 train_loss:5.4019 train_time:38622ms step_avg:386.22ms
step:111/500 train_loss:5.3633 train_time:39009ms step_avg:386.23ms
step:112/500 train_loss:5.3407 train_time:39396ms step_avg:386.23ms
step:113/500 train_loss:5.4366 train_time:39784ms step_avg:386.25ms
step:114/500 train_loss:5.3697 train_time:40170ms step_avg:386.25ms
step:115/500 train_loss:5.2256 train_time:40557ms step_avg:386.25ms
step:116/500 train_loss:5.3937 train_time:40943ms step_avg:386.26ms
step:117/500 train_loss:5.2554 train_time:41330ms step_avg:386.26ms
step:118/500 train_loss:5.2441 train_time:41717ms step_avg:386.27ms
step:119/500 train_loss:5.3665 train_time:42106ms step_avg:386.29ms
step:120/500 train_loss:5.3518 train_time:42491ms step_avg:386.29ms
step:121/500 train_loss:5.2769 train_time:42879ms step_avg:386.30ms
step:122/500 train_loss:5.1743 train_time:43267ms step_avg:386.31ms
step:123/500 train_loss:5.2662 train_time:43654ms step_avg:386.32ms
step:124/500 train_loss:5.1354 train_time:44040ms step_avg:386.31ms
step:125/500 train_loss:5.4391 train_time:44427ms step_avg:386.32ms
step:125/500 val_loss:5.2637 train_time:44442ms step_avg:386.46ms
step:126/500 train_loss:5.2908 train_time:44816ms step_avg:386.35ms
step:127/500 train_loss:5.2653 train_time:45203ms step_avg:386.35ms
step:128/500 train_loss:5.3263 train_time:45588ms step_avg:386.34ms
step:129/500 train_loss:5.1798 train_time:45977ms step_avg:386.36ms
step:130/500 train_loss:5.4516 train_time:46364ms step_avg:386.36ms
step:131/500 train_loss:5.2387 train_time:46751ms step_avg:386.37ms
step:132/500 train_loss:5.2409 train_time:47137ms step_avg:386.37ms
step:133/500 train_loss:5.1839 train_time:47523ms step_avg:386.37ms
step:134/500 train_loss:5.2284 train_time:47910ms step_avg:386.37ms
step:135/500 train_loss:5.1611 train_time:48296ms step_avg:386.37ms
step:136/500 train_loss:5.2259 train_time:48684ms step_avg:386.38ms
step:137/500 train_loss:5.0266 train_time:49105ms step_avg:386.66ms
step:138/500 train_loss:5.1893 train_time:49487ms step_avg:386.62ms
step:139/500 train_loss:5.1431 train_time:49873ms step_avg:386.61ms
step:140/500 train_loss:5.1590 train_time:50261ms step_avg:386.63ms
step:141/500 train_loss:5.2106 train_time:50647ms step_avg:386.62ms
step:142/500 train_loss:5.1132 train_time:51035ms step_avg:386.63ms
step:143/500 train_loss:5.1797 train_time:51421ms step_avg:386.63ms
step:144/500 train_loss:4.9996 train_time:51808ms step_avg:386.63ms
step:145/500 train_loss:5.1531 train_time:52195ms step_avg:386.63ms
step:146/500 train_loss:5.0951 train_time:52582ms step_avg:386.63ms
step:147/500 train_loss:5.0103 train_time:52968ms step_avg:386.63ms
step:148/500 train_loss:5.1276 train_time:53355ms step_avg:386.63ms
step:149/500 train_loss:5.0943 train_time:53742ms step_avg:386.63ms
step:150/500 train_loss:5.1584 train_time:54128ms step_avg:386.63ms
step:151/500 train_loss:5.1652 train_time:54515ms step_avg:386.63ms
step:152/500 train_loss:5.0931 train_time:54902ms step_avg:386.64ms
step:153/500 train_loss:5.0692 train_time:55289ms step_avg:386.64ms
step:154/500 train_loss:5.1471 train_time:55676ms step_avg:386.64ms
step:155/500 train_loss:5.0806 train_time:56063ms step_avg:386.64ms
step:156/500 train_loss:5.0621 train_time:56450ms step_avg:386.64ms
step:157/500 train_loss:5.0748 train_time:56836ms step_avg:386.64ms
step:158/500 train_loss:5.2027 train_time:57224ms step_avg:386.65ms
step:159/500 train_loss:4.9899 train_time:57611ms step_avg:386.65ms
step:160/500 train_loss:5.0446 train_time:57998ms step_avg:386.66ms
step:161/500 train_loss:4.9006 train_time:58385ms step_avg:386.66ms
step:162/500 train_loss:5.0526 train_time:58773ms step_avg:386.67ms
step:163/500 train_loss:5.0892 train_time:59161ms step_avg:386.67ms
step:164/500 train_loss:5.0811 train_time:59548ms step_avg:386.68ms
step:165/500 train_loss:4.9039 train_time:59934ms step_avg:386.67ms
step:166/500 train_loss:5.0207 train_time:60320ms step_avg:386.67ms
step:167/500 train_loss:5.1709 train_time:60708ms step_avg:386.67ms
step:168/500 train_loss:4.9535 train_time:61095ms step_avg:386.68ms
step:169/500 train_loss:5.0352 train_time:61483ms step_avg:386.69ms
step:170/500 train_loss:4.9007 train_time:61869ms step_avg:386.68ms
step:171/500 train_loss:4.8477 train_time:62255ms step_avg:386.68ms
step:172/500 train_loss:4.9603 train_time:62643ms step_avg:386.69ms
step:173/500 train_loss:4.9253 train_time:63030ms step_avg:386.69ms
step:174/500 train_loss:4.9848 train_time:63417ms step_avg:386.69ms
step:175/500 train_loss:5.1243 train_time:63804ms step_avg:386.69ms
step:176/500 train_loss:5.0029 train_time:64192ms step_avg:386.70ms
step:177/500 train_loss:4.8403 train_time:64581ms step_avg:386.71ms
step:178/500 train_loss:4.8256 train_time:64966ms step_avg:386.70ms
step:179/500 train_loss:4.8665 train_time:65352ms step_avg:386.70ms
step:180/500 train_loss:4.9090 train_time:65741ms step_avg:386.71ms
step:181/500 train_loss:4.8940 train_time:66127ms step_avg:386.70ms
step:182/500 train_loss:5.0091 train_time:66514ms step_avg:386.71ms
step:183/500 train_loss:4.8954 train_time:66902ms step_avg:386.71ms
step:184/500 train_loss:4.8248 train_time:67289ms step_avg:386.72ms
step:185/500 train_loss:4.8535 train_time:67676ms step_avg:386.72ms
step:186/500 train_loss:4.9742 train_time:68064ms step_avg:386.73ms
step:187/500 train_loss:4.8592 train_time:68449ms step_avg:386.72ms
step:188/500 train_loss:5.1038 train_time:68837ms step_avg:386.72ms
step:189/500 train_loss:4.8967 train_time:70018ms step_avg:391.16ms
step:190/500 train_loss:4.8178 train_time:70550ms step_avg:391.94ms
step:191/500 train_loss:4.9710 train_time:70934ms step_avg:391.90ms
step:192/500 train_loss:4.8141 train_time:71322ms step_avg:391.88ms
step:193/500 train_loss:4.7346 train_time:71709ms step_avg:391.85ms
step:194/500 train_loss:4.9379 train_time:72096ms step_avg:391.83ms
step:195/500 train_loss:4.8750 train_time:72485ms step_avg:391.81ms
step:196/500 train_loss:5.0585 train_time:72872ms step_avg:391.78ms
step:197/500 train_loss:4.9480 train_time:73259ms step_avg:391.76ms
step:198/500 train_loss:4.7912 train_time:73645ms step_avg:391.73ms
step:199/500 train_loss:4.8273 train_time:74033ms step_avg:391.71ms
step:200/500 train_loss:4.7260 train_time:74419ms step_avg:391.68ms
step:201/500 train_loss:4.8160 train_time:74806ms step_avg:391.65ms
step:202/500 train_loss:4.7301 train_time:75193ms step_avg:391.63ms
step:203/500 train_loss:4.9622 train_time:75581ms step_avg:391.61ms
step:204/500 train_loss:4.8595 train_time:75968ms step_avg:391.59ms
step:205/500 train_loss:4.8296 train_time:76357ms step_avg:391.57ms
step:206/500 train_loss:4.9806 train_time:76744ms step_avg:391.55ms
step:207/500 train_loss:4.6594 train_time:77132ms step_avg:391.53ms
step:208/500 train_loss:4.8086 train_time:77519ms step_avg:391.51ms
step:209/500 train_loss:4.7642 train_time:77906ms step_avg:391.49ms
step:210/500 train_loss:4.9268 train_time:78294ms step_avg:391.47ms
step:211/500 train_loss:4.8535 train_time:78681ms step_avg:391.45ms
step:212/500 train_loss:4.7355 train_time:79069ms step_avg:391.43ms
step:213/500 train_loss:4.8720 train_time:79456ms step_avg:391.41ms
step:214/500 train_loss:4.7065 train_time:79843ms step_avg:391.39ms
step:215/500 train_loss:4.7936 train_time:80231ms step_avg:391.37ms
step:216/500 train_loss:4.6541 train_time:80618ms step_avg:391.35ms
step:217/500 train_loss:4.7682 train_time:81006ms step_avg:391.33ms
step:218/500 train_loss:4.7555 train_time:81393ms step_avg:391.31ms
step:219/500 train_loss:4.7334 train_time:81781ms step_avg:391.30ms
step:220/500 train_loss:4.7453 train_time:82167ms step_avg:391.27ms
step:221/500 train_loss:4.7682 train_time:82554ms step_avg:391.25ms
step:222/500 train_loss:4.8118 train_time:82943ms step_avg:391.24ms
step:223/500 train_loss:4.7459 train_time:83329ms step_avg:391.22ms
step:224/500 train_loss:4.7522 train_time:83716ms step_avg:391.20ms
step:225/500 train_loss:4.8758 train_time:84104ms step_avg:391.18ms
step:226/500 train_loss:4.6230 train_time:84491ms step_avg:391.16ms
step:227/500 train_loss:4.6528 train_time:84877ms step_avg:391.14ms
step:228/500 train_loss:4.6359 train_time:85264ms step_avg:391.12ms
step:229/500 train_loss:4.8017 train_time:85652ms step_avg:391.11ms
step:230/500 train_loss:4.6360 train_time:86039ms step_avg:391.08ms
step:231/500 train_loss:4.7799 train_time:86426ms step_avg:391.07ms
step:232/500 train_loss:4.6449 train_time:86813ms step_avg:391.05ms
step:233/500 train_loss:4.6109 train_time:87199ms step_avg:391.03ms
step:234/500 train_loss:4.8159 train_time:87587ms step_avg:391.01ms
step:235/500 train_loss:4.6542 train_time:87975ms step_avg:391.00ms
step:236/500 train_loss:4.5898 train_time:88362ms step_avg:390.98ms
step:237/500 train_loss:4.8392 train_time:88748ms step_avg:390.96ms
step:238/500 train_loss:4.7249 train_time:89135ms step_avg:390.94ms
step:239/500 train_loss:4.6463 train_time:89523ms step_avg:390.93ms
step:240/500 train_loss:4.7770 train_time:89909ms step_avg:390.91ms
step:241/500 train_loss:4.7633 train_time:90297ms step_avg:390.90ms
step:242/500 train_loss:4.6654 train_time:90685ms step_avg:390.89ms
step:243/500 train_loss:4.8198 train_time:91073ms step_avg:390.87ms
step:244/500 train_loss:4.6537 train_time:91460ms step_avg:390.86ms
step:245/500 train_loss:4.6704 train_time:91847ms step_avg:390.84ms
step:246/500 train_loss:4.7401 train_time:92234ms step_avg:390.82ms
step:247/500 train_loss:4.6941 train_time:92621ms step_avg:390.81ms
step:248/500 train_loss:4.6522 train_time:93008ms step_avg:390.79ms
step:249/500 train_loss:4.8202 train_time:93395ms step_avg:390.77ms
step:250/500 train_loss:4.5555 train_time:93782ms step_avg:390.76ms
step:250/500 val_loss:4.6613 train_time:93796ms step_avg:390.82ms
step:251/500 train_loss:4.5910 train_time:94173ms step_avg:390.76ms
step:252/500 train_loss:4.7284 train_time:94559ms step_avg:390.74ms
step:253/500 train_loss:4.7256 train_time:94945ms step_avg:390.72ms
step:254/500 train_loss:4.5978 train_time:95333ms step_avg:390.71ms
step:255/500 train_loss:4.6168 train_time:95720ms step_avg:390.69ms
step:256/500 train_loss:4.7474 train_time:96108ms step_avg:390.68ms
step:257/500 train_loss:4.6975 train_time:96495ms step_avg:390.67ms
step:258/500 train_loss:4.6680 train_time:96884ms step_avg:390.66ms
step:259/500 train_loss:4.5995 train_time:97271ms step_avg:390.65ms
step:260/500 train_loss:4.6112 train_time:97657ms step_avg:390.63ms
step:261/500 train_loss:4.6870 train_time:98045ms step_avg:390.62ms
step:262/500 train_loss:4.6876 train_time:98432ms step_avg:390.60ms
step:263/500 train_loss:4.5943 train_time:98818ms step_avg:390.58ms
step:264/500 train_loss:4.5357 train_time:99207ms step_avg:390.58ms
step:265/500 train_loss:4.6001 train_time:99594ms step_avg:390.57ms
step:266/500 train_loss:4.4575 train_time:99980ms step_avg:390.55ms
step:267/500 train_loss:4.5126 train_time:100368ms step_avg:390.54ms
step:268/500 train_loss:4.5572 train_time:100755ms step_avg:390.52ms
step:269/500 train_loss:4.5098 train_time:101142ms step_avg:390.51ms
step:270/500 train_loss:4.4775 train_time:101531ms step_avg:390.50ms
step:271/500 train_loss:4.6989 train_time:101917ms step_avg:390.49ms
step:272/500 train_loss:4.6306 train_time:102303ms step_avg:390.47ms
step:273/500 train_loss:4.4936 train_time:102690ms step_avg:390.45ms
step:274/500 train_loss:4.5399 train_time:103076ms step_avg:390.44ms
step:275/500 train_loss:4.6589 train_time:103466ms step_avg:390.44ms
step:276/500 train_loss:4.6697 train_time:103853ms step_avg:390.42ms
step:277/500 train_loss:4.8695 train_time:104240ms step_avg:390.41ms
step:278/500 train_loss:4.6231 train_time:104627ms step_avg:390.40ms
step:279/500 train_loss:4.7482 train_time:105014ms step_avg:390.39ms
step:280/500 train_loss:4.5950 train_time:105401ms step_avg:390.37ms
step:281/500 train_loss:4.6564 train_time:105789ms step_avg:390.36ms
step:282/500 train_loss:4.5533 train_time:106176ms step_avg:390.35ms
step:283/500 train_loss:4.6712 train_time:106564ms step_avg:390.34ms
step:284/500 train_loss:4.4932 train_time:106951ms step_avg:390.33ms
step:285/500 train_loss:4.6609 train_time:107338ms step_avg:390.32ms
step:286/500 train_loss:4.6418 train_time:107725ms step_avg:390.31ms
step:287/500 train_loss:4.6791 train_time:108110ms step_avg:390.29ms
step:288/500 train_loss:4.5364 train_time:108499ms step_avg:390.28ms
step:289/500 train_loss:4.6050 train_time:108887ms step_avg:390.27ms
step:290/500 train_loss:4.4726 train_time:109274ms step_avg:390.26ms
step:291/500 train_loss:4.4629 train_time:109660ms step_avg:390.25ms
step:292/500 train_loss:4.5931 train_time:110047ms step_avg:390.24ms
step:293/500 train_loss:4.4723 train_time:110433ms step_avg:390.22ms
step:294/500 train_loss:4.5273 train_time:110821ms step_avg:390.21ms
step:295/500 train_loss:4.5411 train_time:111209ms step_avg:390.21ms
step:296/500 train_loss:4.4096 train_time:111596ms step_avg:390.19ms
step:297/500 train_loss:4.4012 train_time:111984ms step_avg:390.19ms
step:298/500 train_loss:4.4348 train_time:112371ms step_avg:390.18ms
step:299/500 train_loss:4.5362 train_time:112758ms step_avg:390.17ms
step:300/500 train_loss:4.4234 train_time:113146ms step_avg:390.16ms
step:301/500 train_loss:4.6009 train_time:113534ms step_avg:390.15ms
step:302/500 train_loss:4.5753 train_time:113921ms step_avg:390.14ms
step:303/500 train_loss:4.4958 train_time:114308ms step_avg:390.13ms
step:304/500 train_loss:4.5592 train_time:114695ms step_avg:390.12ms
step:305/500 train_loss:4.5415 train_time:115082ms step_avg:390.11ms
step:306/500 train_loss:5.0256 train_time:115469ms step_avg:390.10ms
step:307/500 train_loss:4.5016 train_time:115857ms step_avg:390.09ms
step:308/500 train_loss:4.4031 train_time:116244ms step_avg:390.08ms
step:309/500 train_loss:4.5925 train_time:116640ms step_avg:390.10ms
step:310/500 train_loss:4.3907 train_time:117027ms step_avg:390.09ms
step:311/500 train_loss:4.6316 train_time:117413ms step_avg:390.08ms
step:312/500 train_loss:4.5357 train_time:117802ms step_avg:390.07ms
step:313/500 train_loss:4.4502 train_time:118190ms step_avg:390.07ms
step:314/500 train_loss:4.5754 train_time:118576ms step_avg:390.05ms
step:315/500 train_loss:4.7012 train_time:118964ms step_avg:390.05ms
step:316/500 train_loss:4.5435 train_time:119352ms step_avg:390.04ms
step:317/500 train_loss:4.4300 train_time:119740ms step_avg:390.03ms
step:318/500 train_loss:4.4481 train_time:120129ms step_avg:390.03ms
step:319/500 train_loss:4.4660 train_time:120517ms step_avg:390.02ms
step:320/500 train_loss:4.4121 train_time:120904ms step_avg:390.01ms
step:321/500 train_loss:4.5038 train_time:121290ms step_avg:390.00ms
step:322/500 train_loss:4.5199 train_time:121677ms step_avg:389.99ms
step:323/500 train_loss:4.4812 train_time:122066ms step_avg:389.99ms
step:324/500 train_loss:4.5493 train_time:122453ms step_avg:389.98ms
step:325/500 train_loss:4.5477 train_time:122839ms step_avg:389.97ms
step:326/500 train_loss:4.6112 train_time:123227ms step_avg:389.96ms
step:327/500 train_loss:4.4600 train_time:123614ms step_avg:389.95ms
step:328/500 train_loss:4.9072 train_time:124000ms step_avg:389.94ms
step:329/500 train_loss:4.6175 train_time:124389ms step_avg:389.93ms
step:330/500 train_loss:4.4038 train_time:124777ms step_avg:389.93ms
step:331/500 train_loss:4.3781 train_time:125163ms step_avg:389.92ms
step:332/500 train_loss:4.5249 train_time:125550ms step_avg:389.91ms
step:333/500 train_loss:4.4394 train_time:125938ms step_avg:389.90ms
step:334/500 train_loss:4.4274 train_time:126325ms step_avg:389.89ms
step:335/500 train_loss:4.3878 train_time:126713ms step_avg:389.89ms
step:336/500 train_loss:4.5823 train_time:127100ms step_avg:389.88ms
step:337/500 train_loss:4.5194 train_time:127487ms step_avg:389.87ms
step:338/500 train_loss:5.0606 train_time:127875ms step_avg:389.86ms
step:339/500 train_loss:4.4938 train_time:128261ms step_avg:389.85ms
step:340/500 train_loss:4.4586 train_time:128650ms step_avg:389.85ms
step:341/500 train_loss:4.4407 train_time:129038ms step_avg:389.84ms
step:342/500 train_loss:4.3805 train_time:129424ms step_avg:389.83ms
step:343/500 train_loss:4.3565 train_time:129811ms step_avg:389.82ms
step:344/500 train_loss:4.4280 train_time:130199ms step_avg:389.82ms
step:345/500 train_loss:4.5198 train_time:130586ms step_avg:389.81ms
step:346/500 train_loss:4.4082 train_time:130973ms step_avg:389.80ms
step:347/500 train_loss:4.3468 train_time:131362ms step_avg:389.80ms
step:348/500 train_loss:4.3976 train_time:131749ms step_avg:389.79ms
step:349/500 train_loss:4.4018 train_time:132136ms step_avg:389.78ms
step:350/500 train_loss:4.3332 train_time:132524ms step_avg:389.78ms
step:351/500 train_loss:4.0233 train_time:132911ms step_avg:389.77ms
step:352/500 train_loss:4.3135 train_time:133298ms step_avg:389.76ms
step:353/500 train_loss:4.6608 train_time:133684ms step_avg:389.75ms
step:354/500 train_loss:4.1927 train_time:134072ms step_avg:389.74ms
step:355/500 train_loss:4.4437 train_time:134460ms step_avg:389.74ms
step:356/500 train_loss:4.3414 train_time:134848ms step_avg:389.73ms
step:357/500 train_loss:4.4456 train_time:135234ms step_avg:389.72ms
step:358/500 train_loss:4.4340 train_time:135620ms step_avg:389.71ms
step:359/500 train_loss:4.3595 train_time:136007ms step_avg:389.71ms
step:360/500 train_loss:4.6394 train_time:136395ms step_avg:389.70ms
step:361/500 train_loss:4.0916 train_time:136783ms step_avg:389.70ms
step:362/500 train_loss:4.5658 train_time:137170ms step_avg:389.69ms
step:363/500 train_loss:4.4713 train_time:137558ms step_avg:389.68ms
step:364/500 train_loss:4.3570 train_time:137946ms step_avg:389.68ms
step:365/500 train_loss:4.2904 train_time:138333ms step_avg:389.67ms
step:366/500 train_loss:4.4450 train_time:138720ms step_avg:389.66ms
step:367/500 train_loss:4.3801 train_time:139106ms step_avg:389.65ms
step:368/500 train_loss:4.3649 train_time:139494ms step_avg:389.65ms
step:369/500 train_loss:4.3652 train_time:139881ms step_avg:389.64ms
step:370/500 train_loss:4.2581 train_time:140269ms step_avg:389.64ms
step:371/500 train_loss:4.4095 train_time:140656ms step_avg:389.63ms
step:372/500 train_loss:4.3431 train_time:141043ms step_avg:389.62ms
step:373/500 train_loss:4.2190 train_time:141430ms step_avg:389.61ms
step:374/500 train_loss:4.4166 train_time:141818ms step_avg:389.61ms
step:375/500 train_loss:4.3447 train_time:142205ms step_avg:389.60ms
step:375/500 val_loss:4.3595 train_time:142219ms step_avg:389.64ms
step:376/500 train_loss:4.3384 train_time:142596ms step_avg:389.61ms
step:377/500 train_loss:4.3986 train_time:142983ms step_avg:389.60ms
step:378/500 train_loss:4.2950 train_time:144138ms step_avg:391.68ms
step:379/500 train_loss:4.3465 train_time:144527ms step_avg:391.67ms
step:380/500 train_loss:4.4169 train_time:145057ms step_avg:392.05ms
step:381/500 train_loss:4.4529 train_time:145445ms step_avg:392.03ms
step:382/500 train_loss:4.3888 train_time:145831ms step_avg:392.02ms
step:383/500 train_loss:4.3770 train_time:146220ms step_avg:392.01ms
step:384/500 train_loss:4.2775 train_time:146605ms step_avg:391.99ms
step:385/500 train_loss:4.3787 train_time:146992ms step_avg:391.98ms
step:386/500 train_loss:4.2870 train_time:147381ms step_avg:391.97ms
step:387/500 train_loss:4.4196 train_time:147766ms step_avg:391.95ms
step:388/500 train_loss:4.6170 train_time:148154ms step_avg:391.94ms
step:389/500 train_loss:4.3179 train_time:148541ms step_avg:391.93ms
step:390/500 train_loss:4.2731 train_time:148928ms step_avg:391.92ms
step:391/500 train_loss:4.3995 train_time:149315ms step_avg:391.90ms
step:392/500 train_loss:4.3206 train_time:149704ms step_avg:391.90ms
step:393/500 train_loss:4.4251 train_time:150092ms step_avg:391.88ms
step:394/500 train_loss:4.2534 train_time:150478ms step_avg:391.87ms
step:395/500 train_loss:4.3871 train_time:150866ms step_avg:391.86ms
step:396/500 train_loss:4.1642 train_time:151254ms step_avg:391.85ms
step:397/500 train_loss:4.3303 train_time:151641ms step_avg:391.84ms
step:398/500 train_loss:4.4216 train_time:152028ms step_avg:391.83ms
step:399/500 train_loss:4.3796 train_time:152414ms step_avg:391.81ms
step:400/500 train_loss:4.2973 train_time:152803ms step_avg:391.80ms
step:401/500 train_loss:4.3598 train_time:153190ms step_avg:391.79ms
step:402/500 train_loss:4.3976 train_time:153576ms step_avg:391.78ms
step:403/500 train_loss:4.3686 train_time:153964ms step_avg:391.77ms
step:404/500 train_loss:4.4628 train_time:154350ms step_avg:391.75ms
step:405/500 train_loss:4.2409 train_time:154736ms step_avg:391.74ms
step:406/500 train_loss:4.2900 train_time:155124ms step_avg:391.73ms
step:407/500 train_loss:4.5690 train_time:155512ms step_avg:391.72ms
step:408/500 train_loss:4.3338 train_time:155898ms step_avg:391.70ms
step:409/500 train_loss:4.3208 train_time:156286ms step_avg:391.69ms
step:410/500 train_loss:4.3693 train_time:156672ms step_avg:391.68ms
step:411/500 train_loss:4.2589 train_time:157060ms step_avg:391.67ms
step:412/500 train_loss:4.2740 train_time:157448ms step_avg:391.66ms
step:413/500 train_loss:4.6818 train_time:157834ms step_avg:391.65ms
step:414/500 train_loss:4.1413 train_time:158221ms step_avg:391.64ms
step:415/500 train_loss:4.5036 train_time:158610ms step_avg:391.63ms
step:416/500 train_loss:4.2812 train_time:158997ms step_avg:391.62ms
step:417/500 train_loss:4.2715 train_time:159383ms step_avg:391.61ms
step:418/500 train_loss:4.4587 train_time:159770ms step_avg:391.59ms
step:419/500 train_loss:4.1931 train_time:160156ms step_avg:391.58ms
step:420/500 train_loss:4.2957 train_time:160544ms step_avg:391.57ms
step:421/500 train_loss:4.2569 train_time:160932ms step_avg:391.56ms
step:422/500 train_loss:4.1528 train_time:161319ms step_avg:391.55ms
step:423/500 train_loss:4.2627 train_time:161707ms step_avg:391.54ms
step:424/500 train_loss:4.3709 train_time:162094ms step_avg:391.53ms
step:425/500 train_loss:4.1676 train_time:162480ms step_avg:391.52ms
step:426/500 train_loss:4.3273 train_time:162867ms step_avg:391.51ms
step:427/500 train_loss:4.2171 train_time:163254ms step_avg:391.50ms
step:428/500 train_loss:4.3992 train_time:163642ms step_avg:391.49ms
step:429/500 train_loss:4.3450 train_time:164028ms step_avg:391.48ms
step:430/500 train_loss:4.2605 train_time:164416ms step_avg:391.47ms
step:431/500 train_loss:4.2318 train_time:164805ms step_avg:391.46ms
step:432/500 train_loss:4.1824 train_time:165192ms step_avg:391.45ms
step:433/500 train_loss:4.2742 train_time:165580ms step_avg:391.44ms
step:434/500 train_loss:4.3383 train_time:165967ms step_avg:391.43ms
step:435/500 train_loss:4.2774 train_time:166354ms step_avg:391.42ms
step:436/500 train_loss:4.3210 train_time:166741ms step_avg:391.41ms
step:437/500 train_loss:4.3367 train_time:167129ms step_avg:391.40ms
step:438/500 train_loss:4.2168 train_time:167515ms step_avg:391.39ms
step:439/500 train_loss:4.2351 train_time:167903ms step_avg:391.38ms
step:440/500 train_loss:4.2045 train_time:168291ms step_avg:391.37ms
step:441/500 train_loss:4.3862 train_time:168678ms step_avg:391.36ms
step:442/500 train_loss:4.2890 train_time:169064ms step_avg:391.35ms
step:443/500 train_loss:4.2686 train_time:169452ms step_avg:391.34ms
step:444/500 train_loss:4.1631 train_time:169838ms step_avg:391.33ms
step:445/500 train_loss:4.4169 train_time:170224ms step_avg:391.32ms
step:446/500 train_loss:4.3370 train_time:170614ms step_avg:391.32ms
step:447/500 train_loss:4.3327 train_time:171001ms step_avg:391.31ms
step:448/500 train_loss:4.2543 train_time:171389ms step_avg:391.30ms
step:449/500 train_loss:4.3435 train_time:171776ms step_avg:391.29ms
step:450/500 train_loss:4.1793 train_time:172164ms step_avg:391.28ms
step:451/500 train_loss:4.2141 train_time:172551ms step_avg:391.27ms
step:452/500 train_loss:4.1076 train_time:172938ms step_avg:391.26ms
step:453/500 train_loss:4.2059 train_time:173326ms step_avg:391.25ms
step:454/500 train_loss:4.1852 train_time:173714ms step_avg:391.25ms
step:455/500 train_loss:4.1588 train_time:174102ms step_avg:391.24ms
step:456/500 train_loss:4.3679 train_time:174489ms step_avg:391.23ms
step:457/500 train_loss:4.2254 train_time:174876ms step_avg:391.22ms
step:458/500 train_loss:4.3127 train_time:175263ms step_avg:391.21ms
step:459/500 train_loss:4.3453 train_time:175651ms step_avg:391.21ms
step:460/500 train_loss:4.1476 train_time:176039ms step_avg:391.20ms
step:461/500 train_loss:4.3220 train_time:176428ms step_avg:391.19ms
step:462/500 train_loss:4.2148 train_time:176815ms step_avg:391.18ms
step:463/500 train_loss:4.2043 train_time:177202ms step_avg:391.17ms
step:464/500 train_loss:4.2881 train_time:177589ms step_avg:391.17ms
step:465/500 train_loss:4.2308 train_time:177979ms step_avg:391.16ms
step:466/500 train_loss:4.2256 train_time:178364ms step_avg:391.15ms
step:467/500 train_loss:4.3513 train_time:178750ms step_avg:391.14ms
step:468/500 train_loss:4.3600 train_time:179138ms step_avg:391.13ms
step:469/500 train_loss:4.3217 train_time:179526ms step_avg:391.12ms
step:470/500 train_loss:4.2290 train_time:179914ms step_avg:391.12ms
step:471/500 train_loss:4.3140 train_time:180302ms step_avg:391.11ms
step:472/500 train_loss:4.3577 train_time:180690ms step_avg:391.10ms
step:473/500 train_loss:4.2702 train_time:181076ms step_avg:391.09ms
step:474/500 train_loss:4.2422 train_time:181464ms step_avg:391.09ms
step:475/500 train_loss:4.1206 train_time:181851ms step_avg:391.08ms
step:476/500 train_loss:4.5446 train_time:182239ms step_avg:391.07ms
step:477/500 train_loss:4.2968 train_time:182627ms step_avg:391.06ms
step:478/500 train_loss:4.1045 train_time:183014ms step_avg:391.06ms
step:479/500 train_loss:4.3083 train_time:183400ms step_avg:391.05ms
step:480/500 train_loss:4.2842 train_time:183789ms step_avg:391.04ms
step:481/500 train_loss:4.4156 train_time:184177ms step_avg:391.03ms
step:482/500 train_loss:4.2433 train_time:184564ms step_avg:391.03ms
step:483/500 train_loss:4.0569 train_time:184951ms step_avg:391.02ms
step:484/500 train_loss:4.3337 train_time:185338ms step_avg:391.01ms
step:485/500 train_loss:4.1798 train_time:185725ms step_avg:391.00ms
step:486/500 train_loss:4.2077 train_time:186113ms step_avg:390.99ms
step:487/500 train_loss:4.1564 train_time:186500ms step_avg:390.99ms
step:488/500 train_loss:4.1770 train_time:186888ms step_avg:390.98ms
step:489/500 train_loss:4.3907 train_time:187277ms step_avg:390.97ms
step:490/500 train_loss:4.2428 train_time:187665ms step_avg:390.97ms
step:491/500 train_loss:4.1457 train_time:188053ms step_avg:390.96ms
step:492/500 train_loss:4.1544 train_time:188442ms step_avg:390.96ms
step:493/500 train_loss:4.2636 train_time:188830ms step_avg:390.95ms
step:494/500 train_loss:4.1073 train_time:189216ms step_avg:390.94ms
step:495/500 train_loss:4.2595 train_time:189603ms step_avg:390.93ms
step:496/500 train_loss:4.1721 train_time:189990ms step_avg:390.93ms
step:497/500 train_loss:4.1155 train_time:190377ms step_avg:390.92ms
step:498/500 train_loss:4.2636 train_time:190764ms step_avg:390.91ms
step:499/500 train_loss:4.3487 train_time:191151ms step_avg:390.90ms
step:500/500 train_loss:4.4030 train_time:191542ms step_avg:390.90ms
step:500/500 val_loss:4.2487 train_time:191557ms step_avg:390.93ms
peak memory consumption: 32738 MiB
